eeschema (2013-may-18)-stable  >> Creation date: Sun 26 Oct 2014 10:08:01 PM CET
#Cmp ( order = Reference )
| K1         CONN_3      
| P1         CONN_1      
| P2         CONN_1      
| P3         CONN_1      
| P4         CONN_2      
| P5         CONN_4      
| P6         CONN_1      
| P7         CONN_1      
| P8         CONN_1      
| P9         FUSE        
| U1         RJ45_DUAL   
#End Cmp

#Cmp ( order = Value )
| CONN_3       K1        
| CONN_1       P1        
| CONN_1       P2        
| CONN_1       P3        
| CONN_2       P4        
| CONN_4       P5        
| CONN_1       P6        
| CONN_1       P7        
| CONN_1       P8        
| FUSE         P9        
| RJ45_DUAL    U1        
#End Cmp

#End List
